build/app/outputs/mapping/release/seeds.txt
com.example.editing_software.MainActivity
com.example.editing_software.MainActivity: MainActivity()
...
kotlin.jvm.internal.CallableReference: kotlin.reflect.KVisibility getVisibility()
com.google.crypto.tink.shaded.protobuf.IntArrayList: IntArrayList()
io.flutter.plugin.editing.ImeSyncDeferringInsetsCallback: void install()
kotlin.jvm.internal.CallableReference: CallableReference(java.lang.Object)
androidx.window.embedding.EmbeddingBackend: void registerRule(androidx.window.embedding.EmbeddingRule)
io.flutter.embedding.engine.FlutterJNI: boolean isAttached()
com.google.crypto.tink.proto.RegistryConfig: RegistryConfig()
androidx.core.view.WindowInsetsCompat$Impl28: androidx.core.view.DisplayCutoutCompat getDisplayCutout()
kotlinx.coroutines.channels.Receive: Receive()
androidx.window.layout.SidecarWindowBackend$ExtensionListenerImpl: SidecarWindowBackend$ExtensionListenerImpl(androidx.window.layout.SidecarWindowBackend)
androidx.core.view.WindowInsetsCompat$Impl20: androidx.core.graphics.Insets getInsets(int,boolean)
androidx.window.layout.SidecarAdapter: SidecarAdapter()
androidx.core.view.ViewCompat$Api21Impl: void setElevation(android.view.View,float)
androidx.core.app.AppOpsManagerCompat$Api23Impl: int noteProxyOpNoThrow(android.app.AppOpsManager,java.lang.String,java.lang.String)
androidx.window.layout.ExtensionInterfaceCompat: void setExtensionCallback(androidx.window.layout.ExtensionInterfaceCompat$ExtensionCallbackInterface)
androidx.window.core.Version: androidx.window.core.Version access$getCURRENT$cp()
com.google.crypto.tink.KeyTemplate$OutputPrefixType: com.google.crypto.tink.KeyTemplate$OutputPrefixType[] values()
android.support.v4.graphics.drawable.IconCompatParcelizer: androidx.core.graphics.drawable.IconCompat read(androidx.versionedparcelable.VersionedParcel)
kotlin.jvm.internal.FunctionReference: boolean isInline()
kotlin.coroutines.AbstractCoroutineContextElement: kotlin.coroutines.CoroutineContext$Key getKey()
android.support.v4.graphics.drawable.IconCompatParcelizer: IconCompatParcelizer()
androidx.window.layout.WindowInfoTracker$-CC: void overrideDecorator(androidx.window.layout.WindowInfoTrackerDecorator)
androidx.window.embedding.ExtensionEmbeddingBackend: void unregisterRule(androidx.window.embedding.EmbeddingRule)
io.flutter.embedding.engine.FlutterJNI: void registerImageTexture(long,io.flutter.view.TextureRegistry$ImageTextureEntry)
androidx.core.view.ViewCompat$Api21Impl: java.lang.String getTransitionName(android.view.View)
androidx.core.view.WindowInsetsCompat$Impl28: WindowInsetsCompat$Impl28(androidx.core.view.WindowInsetsCompat,android.view.WindowInsets)
androidx.core.view.WindowInsetsCompat$BuilderImpl29: androidx.core.view.WindowInsetsCompat build()
kotlin.jvm.internal.FunctionReference: kotlin.reflect.KCallable getReflected()
io.flutter.embedding.engine.renderer.FlutterRenderer$DisplayFeatureType: io.flutter.embedding.engine.renderer.FlutterRenderer$DisplayFeatureType[] values()
androidx.window.embedding.EmbeddingCompat: void setEmbeddingCallback(androidx.window.embedding.EmbeddingInterfaceCompat$EmbeddingCallbackInterface)
io.flutter.embedding.engine.mutatorsstack.FlutterMutatorsStack: void pushClipRRect(int,int,int,int,float[])
kotlinx.coroutines.CompletionHandlerBase: CompletionHandlerBase()
androidx.core.app.AppOpsManagerCompat$Api23Impl: int noteProxyOp(android.app.AppOpsManager,java.lang.String,java.lang.String)
androidx.window.layout.WindowInfoTracker: kotlinx.coroutines.flow.Flow windowLayoutInfo(android.app.Activity)
androidx.core.view.WindowInsetsCompat$Impl29: androidx.core.graphics.Insets getMandatorySystemGestureInsets()
androidx.window.layout.SidecarCompat: SidecarCompat(androidx.window.sidecar.SidecarInterface,androidx.window.layout.SidecarAdapter)
androidx.window.core.Version: androidx.window.core.Version access$getUNKNOWN$cp()
androidx.window.core.Version$Companion: androidx.window.core.Version getVERSION_1_0()