build/app/outputs/mapping/release/mapping.txt
# compiler: R8
# compiler_version: 3.3.70
# min_api: 21
# common_typos_disable
# {"id":"com.android.tools.r8.mapping","version":"2.0"}
# pg_map_id: 21d098f
# pg_map_hash: SHA-256 21d098fa9d1c276ced2d9993b37caf512fde610fdac61619f6dc152c9d27592a
...
com.google.crypto.tink.mac.ChunkedMacWrapper$1 -> s.h$a:
com.google.crypto.tink.mac.ChunkedMacWrapper$WrappedChunkedMac -> s.h$b:
    com.google.crypto.tink.PrimitiveSet primitives -> a
com.google.crypto.tink.mac.HmacKey -> s.i:
    java.lang.Integer idRequirement -> d
    com.google.crypto.tink.mac.HmacParameters parameters -> a
    com.google.crypto.tink.util.SecretBytes keyBytes -> b
    com.google.crypto.tink.util.Bytes outputPrefix -> c
    com.google.crypto.tink.util.Bytes getOutputPrefix() -> a
    com.google.crypto.tink.mac.MacParameters getParameters() -> b
    com.google.crypto.tink.mac.HmacKey$Builder builder() -> c
    com.google.crypto.tink.mac.HmacParameters getParameters() -> d
com.google.crypto.tink.mac.HmacKey$1 -> s.i$a:
com.google.crypto.tink.mac.HmacKey$Builder -> s.i$b:
    java.lang.Integer idRequirement -> c
    com.google.crypto.tink.mac.HmacParameters parameters -> a
    com.google.crypto.tink.util.SecretBytes keyBytes -> b
    com.google.crypto.tink.mac.HmacKey build() -> a
    com.google.crypto.tink.util.Bytes getOutputPrefix() -> b
    com.google.crypto.tink.mac.HmacKey$Builder setIdRequirement(java.lang.Integer) -> c
    com.google.crypto.tink.mac.HmacKey$Builder setKeyBytes(com.google.crypto.tink.util.SecretBytes) -> d
    com.google.crypto.tink.mac.HmacKey$Builder setParameters(com.google.crypto.tink.mac.HmacParameters) -> e
com.google.crypto.tink.mac.HmacKeyManager -> s.k:
    com.google.crypto.tink.internal.PrimitiveConstructor CHUNKED_MAC_PRIMITIVE_CONSTRUCTOR -> d
    com.google.crypto.tink.config.internal.TinkFipsUtil$AlgorithmFipsCompatibility fipsStatus() -> a
    java.lang.String getKeyType() -> d
    com.google.crypto.tink.internal.KeyTypeManager$KeyFactory keyFactory() -> f
    com.google.crypto.tink.proto.KeyData$KeyMaterialType keyMaterialType() -> g
    com.google.crypto.tink.shaded.protobuf.MessageLite parseKey(com.google.crypto.tink.shaded.protobuf.ByteString) -> h
    void validateKey(com.google.crypto.tink.shaded.protobuf.MessageLite) -> j
    void access$000(com.google.crypto.tink.proto.HmacParams) -> k
    com.google.crypto.tink.internal.KeyTypeManager$KeyFactory$KeyFormat access$100(int,int,com.google.crypto.tink.proto.HashType,com.google.crypto.tink.KeyTemplate$OutputPrefixType) -> l
    com.google.crypto.tink.internal.KeyTypeManager$KeyFactory$KeyFormat createKeyFormat(int,int,com.google.crypto.tink.proto.HashType,com.google.crypto.tink.KeyTemplate$OutputPrefixType) -> m
    int getVersion() -> n
    com.google.crypto.tink.proto.HmacKey parseKey(com.google.crypto.tink.shaded.protobuf.ByteString) -> o
    void register(boolean) -> p
    void validateKey(com.google.crypto.tink.proto.HmacKey) -> q
    void validateParams(com.google.crypto.tink.proto.HmacParams) -> r
com.google.crypto.tink.mac.HmacKeyManager$$ExternalSyntheticLambda0 -> s.j:
# {"id":"sourceFile","fileName":"R8$$SyntheticClass"}
# {"id":"com.android.tools.r8.synthesized"}
    void com.google.crypto.tink.mac.HmacKeyManager$$InternalSyntheticLambda$2$f55474a5933eb9846f0dd57d9d70e8497f4bfe0e4cd89f2ab90e40f8d646f5bc$0.<init>() -> <init>
      # {"id":"com.android.tools.r8.synthesized"}
    java.lang.Object com.google.crypto.tink.mac.HmacKeyManager$$InternalSyntheticLambda$2$f55474a5933eb9846f0dd57d9d70e8497f4bfe0e4cd89f2ab90e40f8d646f5bc$0.constructPrimitive(com.google.crypto.tink.Key) -> a
      # {"id":"com.android.tools.r8.synthesized"}
com.google.crypto.tink.mac.HmacKeyManager$1 -> s.k$a:
    java.lang.Object getPrimitive(com.google.crypto.tink.shaded.protobuf.MessageLite) -> a
    com.google.crypto.tink.Mac getPrimitive(com.google.crypto.tink.proto.HmacKey) -> c