build/app/outputs/mapping/release/usage.txt
com.example.editing_software.BuildConfig
com.example.editing_software.R$attr
com.example.editing_software.R$color
com.example.editing_software.R$dimen
com.example.editing_software.R$drawable
com.example.editing_software.R$id
com.example.editing_software.R$integer
com.example.editing_software.R$layout
com.example.editing_software.R$mipmap
com.example.editing_software.R$string
com.example.editing_software.R$style
com.example.editing_software.R$styleable
com.example.editing_software.R$xml
com.example.editing_software.R
...
com.google.crypto.tink.proto.JwtRsaSsaPkcs1KeyFormatOrBuilder
com.google.crypto.tink.proto.JwtRsaSsaPkcs1PrivateKey$1
com.google.crypto.tink.proto.JwtRsaSsaPkcs1PrivateKey$Builder
com.google.crypto.tink.proto.JwtRsaSsaPkcs1PrivateKey
com.google.crypto.tink.proto.JwtRsaSsaPkcs1PrivateKeyOrBuilder
com.google.crypto.tink.proto.JwtRsaSsaPkcs1PublicKey$1
com.google.crypto.tink.proto.JwtRsaSsaPkcs1PublicKey$Builder
com.google.crypto.tink.proto.JwtRsaSsaPkcs1PublicKey$CustomKid$Builder
com.google.crypto.tink.proto.JwtRsaSsaPkcs1PublicKey$CustomKid
com.google.crypto.tink.proto.JwtRsaSsaPkcs1PublicKey$CustomKidOrBuilder
com.google.crypto.tink.proto.JwtRsaSsaPkcs1PublicKey
com.google.crypto.tink.proto.JwtRsaSsaPkcs1PublicKeyOrBuilder
com.google.crypto.tink.proto.JwtRsaSsaPss
com.google.crypto.tink.proto.JwtRsaSsaPssAlgorithm$1
com.google.crypto.tink.proto.JwtRsaSsaPssAlgorithm$JwtRsaSsaPssAlgorithmVerifier
com.google.crypto.tink.proto.JwtRsaSsaPssAlgorithm
com.google.crypto.tink.proto.JwtRsaSsaPssKeyFormat$1
com.google.crypto.tink.proto.JwtRsaSsaPssKeyFormat$Builder
com.google.crypto.tink.proto.JwtRsaSsaPssKeyFormat
com.google.crypto.tink.proto.JwtRsaSsaPssKeyFormatOrBuilder
com.google.crypto.tink.proto.JwtRsaSsaPssPrivateKey$1
com.google.crypto.tink.proto.JwtRsaSsaPssPrivateKey$Builder
com.google.crypto.tink.proto.JwtRsaSsaPssPrivateKey
com.google.crypto.tink.proto.JwtRsaSsaPssPrivateKeyOrBuilder
com.google.crypto.tink.proto.JwtRsaSsaPssPublicKey$1
com.google.crypto.tink.proto.JwtRsaSsaPssPublicKey$Builder
com.google.crypto.tink.proto.JwtRsaSsaPssPublicKey$CustomKid$Builder
com.google.crypto.tink.proto.JwtRsaSsaPssPublicKey$CustomKid
com.google.crypto.tink.proto.JwtRsaSsaPssPublicKey$CustomKidOrBuilder
com.google.crypto.tink.proto.JwtRsaSsaPssPublicKey
com.google.crypto.tink.proto.JwtRsaSsaPssPublicKeyOrBuilder
com.google.crypto.tink.proto.KeyData$Builder:
    public synthetic bridge com.google.crypto.tink.shaded.protobuf.MessageLite$Builder clear()
    public com.google.crypto.tink.proto.KeyData$Builder clearKeyMaterialType()
    public com.google.crypto.tink.proto.KeyData$Builder clearTypeUrl()
    public com.google.crypto.tink.proto.KeyData$Builder clearValue()
    public synthetic bridge com.google.crypto.tink.shaded.protobuf.AbstractMessageLite$Builder clone()
    public synthetic bridge com.google.crypto.tink.shaded.protobuf.MessageLite$Builder clone()
    public com.google.crypto.tink.proto.KeyData$KeyMaterialType getKeyMaterialType()
    public int getKeyMaterialTypeValue()
    public java.lang.String getTypeUrl()
    public com.google.crypto.tink.shaded.protobuf.ByteString getTypeUrlBytes()
    public com.google.crypto.tink.shaded.protobuf.ByteString getValue()
    public synthetic bridge com.google.crypto.tink.shaded.protobuf.AbstractMessageLite$Builder mergeFrom(com.google.crypto.tink.shaded.protobuf.CodedInputStream,com.google.crypto.tink.shaded.protobuf.ExtensionRegistryLite)
    public synthetic bridge com.google.crypto.tink.shaded.protobuf.AbstractMessageLite$Builder mergeFrom(byte[],int,int)
    public synthetic bridge com.google.crypto.tink.shaded.protobuf.AbstractMessageLite$Builder mergeFrom(byte[],int,int,com.google.crypto.tink.shaded.protobuf.ExtensionRegistryLite)
com.google.crypto.tink.proto.KeyData$KeyMaterialType$KeyMaterialTypeVerifier
com.google.crypto.tink.proto.KeyData$KeyMaterialType:
    public static final int ASYMMETRIC_PRIVATE_VALUE
    public static final int ASYMMETRIC_PUBLIC_VALUE
    public static final int REMOTE_VALUE
    public static final int SYMMETRIC_VALUE
    public static final int UNKNOWN_KEYMATERIAL_VALUE
    public static com.google.crypto.tink.shaded.protobuf.Internal$EnumLiteMap internalGetValueMap()
    public static com.google.crypto.tink.shaded.protobuf.Internal$EnumVerifier internalGetVerifier()
    public static com.google.crypto.tink.proto.KeyData$KeyMaterialType valueOf(int)